<?xml version="1.0" encoding="UTF-8"?>
<!-- Generated by org.testng.reporters.JUnitReportReporter -->
<testsuite hostname="AkshaySeeram" failures="0" tests="1" name="TestScripts.TestNg_addToCart" time="7.604" errors="0" timestamp="2023-12-27T13:42:28 IST" skipped="0">
  <testcase classname="TestScripts.TestNg_addToCart" name="addToCart" time="7.604"/>
</testsuite> <!-- TestScripts.TestNg_addToCart -->
