<?xml version="1.0" encoding="UTF-8"?>
<!-- Generated by org.testng.reporters.JUnitReportReporter -->
<testsuite hostname="AkshaySeeram" failures="0" tests="1" name="TestScripts.TestNgRegister" time="9.466" errors="0" timestamp="2023-12-27T10:21:25 IST" skipped="0">
  <testcase classname="TestScripts.TestNgRegister" name="register" time="9.466"/>
</testsuite> <!-- TestScripts.TestNgRegister -->
