<?xml version="1.0" encoding="UTF-8"?>
<!-- Generated by org.testng.reporters.JUnitReportReporter -->
<testsuite hostname="AkshaySeeram" failures="0" tests="1" name="TestScripts.DemoTest" time="0.009" errors="0" timestamp="2023-12-27T12:15:00 IST" skipped="0">
  <testcase classname="TestScripts.DemoTest" name="demo" time="0.009"/>
</testsuite> <!-- TestScripts.DemoTest -->
