<?xml version="1.0" encoding="UTF-8"?>
<!-- Generated by org.testng.reporters.JUnitReportReporter -->
<testsuite hostname="AkshaySeeram" failures="0" tests="1" name="TestScripts.TestNg_addToCart" time="7.037" errors="0" timestamp="2024-01-02T10:32:38 IST" skipped="0">
  <testcase classname="TestScripts.TestNg_addToCart" name="addToCart" time="7.037"/>
</testsuite> <!-- TestScripts.TestNg_addToCart -->
